<?xml version="1.0" encoding="UTF-8"?>
<testsuites name="Login" time="38.413" tests="4" failures="0" errors="0">
   <testsuite name="Login" tests="4" failures="0" errors="0" time="38.413" skipped="0" timestamp="2023-03-21 15:09:22" hostname="Mazway - 192.168.196.145" id="Test Suites/Login">
      <properties>
[...]
</properties>
      <testcase name="Test Cases/test_Login/Login using standard user" time="10.187" classname="Test Cases/test_Login/Login using standard user" status="PASSED">
         <system-out><![CDATA[2023-03-21 15:09:23 - [TEST_CASE][PASSED] - Test Cases/test_Login/Login using standard user: Test Cases/test_Login/Login using standard user

2023-03-21 15:09:24 - [TEST_STEP][PASSED] - openBrowser(""): Browser is opened with url: ''

2023-03-21 15:09:24 - [MESSAGE][INFO] - Starting 'Chrome' driver

2023-03-21 15:09:24 - [MESSAGE][INFO] - Action delay is set to 0 milliseconds

2023-03-21 15:09:27 - [MESSAGE][PASSED] - Browser is opened with url: ''

2023-03-21 15:09:27 - [TEST_STEP][PASSED] - maximizeWindow(): Current window maximized

2023-03-21 15:09:27 - [MESSAGE][PASSED] - Current window maximized

2023-03-21 15:09:27 - [TEST_STEP][PASSED] - navigateToUrl(Website): Navigate to 'https://www.saucedemo.com/' successfully

2023-03-21 15:09:28 - [MESSAGE][PASSED] - Navigate to 'https://www.saucedemo.com/' successfully

2023-03-21 15:09:28 - [TEST_STEP][PASSED] - setText(findTestObject("Login_pages/input_userName"), Standard_user): Text 'standard_user' is set on object 'Object Repository/Login_pages/input_userName'

2023-03-21 15:09:28 - [MESSAGE][PASSED] - Text 'standard_user' is set on object 'Object Repository/Login_pages/input_userName'

2023-03-21 15:09:28 - [TEST_STEP][PASSED] - setText(findTestObject("Login_pages/input_userPassword"), Password): Text 'secret_sauce' is set on object 'Object Repository/Login_pages/input_userPassword'

2023-03-21 15:09:29 - [MESSAGE][PASSED] - Text 'secret_sauce' is set on object 'Object Repository/Login_pages/input_userPassword'

2023-03-21 15:09:29 - [TEST_STEP][PASSED] - click(findTestObject("Login_pages/loginButton")): Object: 'Object Repository/Login_pages/loginButton' is clicked on

2023-03-21 15:09:30 - [MESSAGE][PASSED] - Object: 'Object Repository/Login_pages/loginButton' is clicked on

2023-03-21 15:09:30 - [TEST_STEP][PASSED] - delay(2): Delayed 2 second(s)

2023-03-21 15:09:32 - [MESSAGE][PASSED] - Delayed 2 second(s)

2023-03-21 15:09:32 - [TEST_STEP][PASSED] - takeScreenshot("standard_user.png"): Taking screenshot successfully

2023-03-21 15:09:32 - [MESSAGE][PASSED] - Taking screenshot successfully
[[ATTACHMENT|C:\\Users\\Mazway\\Desktop\\Automation\\Katalon Studio\\Katalon Sample Project\\Web Automate\\Katalon-Web-SwagLabs\\Reports\\20230321_150917\\Login\\20230321_150919\\standard_user.png]]

2023-03-21 15:09:32 - [TEST_STEP][PASSED] - closeBrowser(): Browser is closed

2023-03-21 15:09:33 - [MESSAGE][PASSED] - Browser is closed]]></system-out>
         <system-err><![CDATA[]]></system-err>
      </testcase>
      <testcase name="Test Cases/test_Login/Login using locked user" time="8.666" classname="Test Cases/test_Login/Login using locked user" status="PASSED">
         <system-out><![CDATA[2023-03-21 15:09:33 - [TEST_CASE][PASSED] - Test Cases/test_Login/Login using locked user: Test Cases/test_Login/Login using locked user

2023-03-21 15:09:34 - [TEST_STEP][PASSED] - openBrowser(""): Browser is opened with url: ''

2023-03-21 15:09:34 - [MESSAGE][INFO] - Starting 'Chrome' driver

2023-03-21 15:09:34 - [MESSAGE][INFO] - Action delay is set to 0 milliseconds

2023-03-21 15:09:35 - [MESSAGE][PASSED] - Browser is opened with url: ''

2023-03-21 15:09:35 - [TEST_STEP][PASSED] - maximizeWindow(): Current window maximized

2023-03-21 15:09:35 - [MESSAGE][PASSED] - Current window maximized

2023-03-21 15:09:35 - [TEST_STEP][PASSED] - navigateToUrl(Website): Navigate to 'https://www.saucedemo.com/' successfully

2023-03-21 15:09:36 - [MESSAGE][PASSED] - Navigate to 'https://www.saucedemo.com/' successfully

2023-03-21 15:09:36 - [TEST_STEP][PASSED] - setText(findTestObject("Login_pages/input_userName"), Locked_out_user): Text 'locked_out_user' is set on object 'Object Repository/Login_pages/input_userName'

2023-03-21 15:09:37 - [MESSAGE][PASSED] - Text 'locked_out_user' is set on object 'Object Repository/Login_pages/input_userName'

2023-03-21 15:09:37 - [TEST_STEP][PASSED] - setText(findTestObject("Login_pages/input_userPassword"), Password): Text 'secret_sauce' is set on object 'Object Repository/Login_pages/input_userPassword'

2023-03-21 15:09:38 - [MESSAGE][PASSED] - Text 'secret_sauce' is set on object 'Object Repository/Login_pages/input_userPassword'

2023-03-21 15:09:38 - [TEST_STEP][PASSED] - click(findTestObject("Login_pages/loginButton")): Object: 'Object Repository/Login_pages/loginButton' is clicked on

2023-03-21 15:09:38 - [MESSAGE][PASSED] - Object: 'Object Repository/Login_pages/loginButton' is clicked on

2023-03-21 15:09:38 - [TEST_STEP][PASSED] - verifyElementText(findTestObject("Login_pages/errorMessage"), "Epic sadface: Sorry, this user has been locked out."): Actual text and expected text of test object 'Object Repository/Login_pages/errorMessage' are matched.

2023-03-21 15:09:39 - [MESSAGE][PASSED] - Actual text and expected text of test object 'Object Repository/Login_pages/errorMessage' are matched.

2023-03-21 15:09:39 - [TEST_STEP][PASSED] - delay(2): Delayed 2 second(s)

2023-03-21 15:09:41 - [MESSAGE][PASSED] - Delayed 2 second(s)

2023-03-21 15:09:41 - [TEST_STEP][PASSED] - takeScreenshot("locked_user.png"): Taking screenshot successfully

2023-03-21 15:09:41 - [MESSAGE][PASSED] - Taking screenshot successfully
[[ATTACHMENT|C:\\Users\\Mazway\\Desktop\\Automation\\Katalon Studio\\Katalon Sample Project\\Web Automate\\Katalon-Web-SwagLabs\\Reports\\20230321_150917\\Login\\20230321_150919\\locked_user.png]]

2023-03-21 15:09:41 - [TEST_STEP][PASSED] - closeBrowser(): Browser is closed

2023-03-21 15:09:42 - [MESSAGE][PASSED] - Browser is closed]]></system-out>
         <system-err><![CDATA[]]></system-err>
      </testcase>
      <testcase name="Test Cases/test_Login/Login using problem user" time="10.532" classname="Test Cases/test_Login/Login using problem user" status="PASSED">
         <system-out><![CDATA[2023-03-21 15:09:42 - [TEST_CASE][PASSED] - Test Cases/test_Login/Login using problem user: Test Cases/test_Login/Login using problem user

2023-03-21 15:09:42 - [TEST_STEP][PASSED] - openBrowser(""): Browser is opened with url: ''

2023-03-21 15:09:42 - [MESSAGE][INFO] - Starting 'Chrome' driver

2023-03-21 15:09:42 - [MESSAGE][INFO] - Action delay is set to 0 milliseconds

2023-03-21 15:09:43 - [MESSAGE][PASSED] - Browser is opened with url: ''

2023-03-21 15:09:43 - [TEST_STEP][PASSED] - maximizeWindow(): Current window maximized

2023-03-21 15:09:44 - [MESSAGE][PASSED] - Current window maximized

2023-03-21 15:09:44 - [TEST_STEP][PASSED] - navigateToUrl(Website): Navigate to 'https://www.saucedemo.com/' successfully

2023-03-21 15:09:44 - [MESSAGE][PASSED] - Navigate to 'https://www.saucedemo.com/' successfully

2023-03-21 15:09:44 - [TEST_STEP][PASSED] - setText(findTestObject("Login_pages/input_userName"), Performance_glitch_user): Text 'performance_glitch_user' is set on object 'Object Repository/Login_pages/input_userName'

2023-03-21 15:09:45 - [MESSAGE][PASSED] - Text 'performance_glitch_user' is set on object 'Object Repository/Login_pages/input_userName'

2023-03-21 15:09:45 - [TEST_STEP][PASSED] - setText(findTestObject("Login_pages/input_userPassword"), Password): Text 'secret_sauce' is set on object 'Object Repository/Login_pages/input_userPassword'

2023-03-21 15:09:46 - [MESSAGE][PASSED] - Text 'secret_sauce' is set on object 'Object Repository/Login_pages/input_userPassword'

2023-03-21 15:09:46 - [TEST_STEP][PASSED] - click(findTestObject("Login_pages/loginButton")): Object: 'Object Repository/Login_pages/loginButton' is clicked on

2023-03-21 15:09:51 - [MESSAGE][PASSED] - Object: 'Object Repository/Login_pages/loginButton' is clicked on

2023-03-21 15:09:51 - [TEST_STEP][PASSED] - waitForPageLoad(2): Wait for page load successfully

2023-03-21 15:09:51 - [MESSAGE][PASSED] - Wait for page load successfully

2023-03-21 15:09:51 - [TEST_STEP][PASSED] - takeScreenshot("performance_user.png"): Taking screenshot successfully

2023-03-21 15:09:52 - [MESSAGE][PASSED] - Taking screenshot successfully
[[ATTACHMENT|C:\\Users\\Mazway\\Desktop\\Automation\\Katalon Studio\\Katalon Sample Project\\Web Automate\\Katalon-Web-SwagLabs\\Reports\\20230321_150917\\Login\\20230321_150919\\performance_user.png]]

2023-03-21 15:09:52 - [TEST_STEP][PASSED] - closeBrowser(): Browser is closed

2023-03-21 15:09:52 - [MESSAGE][PASSED] - Browser is closed]]></system-out>
         <system-err><![CDATA[]]></system-err>
      </testcase>
      <testcase name="Test Cases/test_Login/Login using performance user" time="8.62" classname="Test Cases/test_Login/Login using performance user" status="PASSED">
         <system-out><![CDATA[2023-03-21 15:09:52 - [TEST_CASE][PASSED] - Test Cases/test_Login/Login using performance user: Test Cases/test_Login/Login using performance user

2023-03-21 15:09:53 - [TEST_STEP][PASSED] - openBrowser(""): Browser is opened with url: ''

2023-03-21 15:09:53 - [MESSAGE][INFO] - Starting 'Chrome' driver

2023-03-21 15:09:53 - [MESSAGE][INFO] - Action delay is set to 0 milliseconds

2023-03-21 15:09:54 - [MESSAGE][PASSED] - Browser is opened with url: ''

2023-03-21 15:09:54 - [TEST_STEP][PASSED] - maximizeWindow(): Current window maximized

2023-03-21 15:09:54 - [MESSAGE][PASSED] - Current window maximized

2023-03-21 15:09:54 - [TEST_STEP][PASSED] - navigateToUrl(Website): Navigate to 'https://www.saucedemo.com/' successfully

2023-03-21 15:09:55 - [MESSAGE][PASSED] - Navigate to 'https://www.saucedemo.com/' successfully

2023-03-21 15:09:55 - [TEST_STEP][PASSED] - setText(findTestObject("Login_pages/input_userName"), Problem_user): Text 'problem_user' is set on object 'Object Repository/Login_pages/input_userName'

2023-03-21 15:09:55 - [MESSAGE][PASSED] - Text 'problem_user' is set on object 'Object Repository/Login_pages/input_userName'

2023-03-21 15:09:55 - [TEST_STEP][PASSED] - setText(findTestObject("Login_pages/input_userPassword"), Password): Text 'secret_sauce' is set on object 'Object Repository/Login_pages/input_userPassword'

2023-03-21 15:09:56 - [MESSAGE][PASSED] - Text 'secret_sauce' is set on object 'Object Repository/Login_pages/input_userPassword'

2023-03-21 15:09:56 - [TEST_STEP][PASSED] - click(findTestObject("Login_pages/loginButton")): Object: 'Object Repository/Login_pages/loginButton' is clicked on

2023-03-21 15:09:57 - [MESSAGE][PASSED] - Object: 'Object Repository/Login_pages/loginButton' is clicked on

2023-03-21 15:09:57 - [TEST_STEP][PASSED] - verifyImagePresent(findTestObject("Product_pages/imgError")): Image: 'C:\Users\Mazway\Desktop\Automation\Katalon Studio\Katalon Sample Project\Web Automate\Katalon-Web-SwagLabs\Screenshots/Targets/Page_Swag Labs/imgError.png' is present

2023-03-21 15:09:58 - [MESSAGE][PASSED] - Image: 'C:\Users\Mazway\Desktop\Automation\Katalon Studio\Katalon Sample Project\Web Automate\Katalon-Web-SwagLabs\Screenshots/Targets/Page_Swag Labs/imgError.png' is present

2023-03-21 15:09:58 - [TEST_STEP][PASSED] - delay(2): Delayed 2 second(s)

2023-03-21 15:10:00 - [MESSAGE][PASSED] - Delayed 2 second(s)

2023-03-21 15:10:00 - [TEST_STEP][PASSED] - takeScreenshot("problem_user.png"): Taking screenshot successfully

2023-03-21 15:10:00 - [MESSAGE][PASSED] - Taking screenshot successfully
[[ATTACHMENT|C:\\Users\\Mazway\\Desktop\\Automation\\Katalon Studio\\Katalon Sample Project\\Web Automate\\Katalon-Web-SwagLabs\\Reports\\20230321_150917\\Login\\20230321_150919\\problem_user.png]]

2023-03-21 15:10:00 - [TEST_STEP][PASSED] - closeBrowser(): Browser is closed

2023-03-21 15:10:01 - [MESSAGE][PASSED] - Browser is closed]]></system-out>
         <system-err><![CDATA[]]></system-err>
      </testcase>
      <system-out><![CDATA[2023-03-21 15:09:22 - [TEST_SUITE][PASSED] - Login: Test Cases/test_Login/Login using performance user]]></system-out>
      <system-err><![CDATA[]]></system-err>
   </testsuite>
</testsuites>
