<?xml version="1.0" encoding="UTF-8"?>
<testsuites name="Login" time="39.119" tests="4" failures="0" errors="0">
   <testsuite name="Login" tests="4" failures="0" errors="0" time="39.119" skipped="0" timestamp="2023-03-22 18:45:00" hostname="Mazway - 192.168.196.145" id="Test Suites/Login">
      <properties>
[...]
</properties>
      <testcase name="Test Cases/test_Login/Login using standard user" time="10.748" classname="Test Cases/test_Login/Login using standard user" status="PASSED">
         <system-out><![CDATA[2023-03-22 18:45:01 - [TEST_CASE][PASSED] - Test Cases/test_Login/Login using standard user: Test Cases/test_Login/Login using standard user

2023-03-22 18:45:01 - [TEST_STEP][PASSED] - openBrowser(""): Browser is opened with url: ''

2023-03-22 18:45:02 - [MESSAGE][INFO] - Starting 'Chrome' driver

2023-03-22 18:45:02 - [MESSAGE][INFO] - Action delay is set to 0 milliseconds

2023-03-22 18:45:05 - [MESSAGE][PASSED] - Browser is opened with url: ''

2023-03-22 18:45:05 - [TEST_STEP][PASSED] - maximizeWindow(): Current window maximized

2023-03-22 18:45:05 - [MESSAGE][PASSED] - Current window maximized

2023-03-22 18:45:05 - [TEST_STEP][PASSED] - navigateToUrl(Website): Navigate to 'https://www.saucedemo.com/' successfully

2023-03-22 18:45:06 - [MESSAGE][PASSED] - Navigate to 'https://www.saucedemo.com/' successfully

2023-03-22 18:45:06 - [TEST_STEP][PASSED] - setText(findTestObject("Login_pages/input_userName"), Standard_user): Text 'standard_user' is set on object 'Object Repository/Login_pages/input_userName'

2023-03-22 18:45:07 - [MESSAGE][PASSED] - Text 'standard_user' is set on object 'Object Repository/Login_pages/input_userName'

2023-03-22 18:45:07 - [TEST_STEP][PASSED] - setText(findTestObject("Login_pages/input_userPassword"), Password): Text 'secret_sauce' is set on object 'Object Repository/Login_pages/input_userPassword'

2023-03-22 18:45:08 - [MESSAGE][PASSED] - Text 'secret_sauce' is set on object 'Object Repository/Login_pages/input_userPassword'

2023-03-22 18:45:08 - [TEST_STEP][PASSED] - click(findTestObject("Login_pages/loginButton")): Object: 'Object Repository/Login_pages/loginButton' is clicked on

2023-03-22 18:45:08 - [MESSAGE][PASSED] - Object: 'Object Repository/Login_pages/loginButton' is clicked on

2023-03-22 18:45:08 - [TEST_STEP][PASSED] - delay(2): Delayed 2 second(s)

2023-03-22 18:45:10 - [MESSAGE][PASSED] - Delayed 2 second(s)

2023-03-22 18:45:10 - [TEST_STEP][PASSED] - takeScreenshot("standard_user.png"): Taking screenshot successfully

2023-03-22 18:45:11 - [MESSAGE][PASSED] - Taking screenshot successfully
[[ATTACHMENT|C:\\Users\\Mazway\\Desktop\\Automation\\Katalon Studio\\Katalon Sample Project\\Web Automate\\Katalon-Web-SwagLabs\\Reports\\20230322_184455\\Login\\20230322_184456\\standard_user.png]]

2023-03-22 18:45:11 - [TEST_STEP][PASSED] - closeBrowser(): Browser is closed

2023-03-22 18:45:11 - [MESSAGE][PASSED] - Browser is closed]]></system-out>
         <system-err><![CDATA[]]></system-err>
      </testcase>
      <testcase name="Test Cases/test_Login/Login using locked user" time="8.312" classname="Test Cases/test_Login/Login using locked user" status="PASSED">
         <system-out><![CDATA[2023-03-22 18:45:11 - [TEST_CASE][PASSED] - Test Cases/test_Login/Login using locked user: Test Cases/test_Login/Login using locked user

2023-03-22 18:45:12 - [TEST_STEP][PASSED] - openBrowser(""): Browser is opened with url: ''

2023-03-22 18:45:12 - [MESSAGE][INFO] - Starting 'Chrome' driver

2023-03-22 18:45:12 - [MESSAGE][INFO] - Action delay is set to 0 milliseconds

2023-03-22 18:45:13 - [MESSAGE][PASSED] - Browser is opened with url: ''

2023-03-22 18:45:13 - [TEST_STEP][PASSED] - maximizeWindow(): Current window maximized

2023-03-22 18:45:13 - [MESSAGE][PASSED] - Current window maximized

2023-03-22 18:45:13 - [TEST_STEP][PASSED] - navigateToUrl(Website): Navigate to 'https://www.saucedemo.com/' successfully

2023-03-22 18:45:14 - [MESSAGE][PASSED] - Navigate to 'https://www.saucedemo.com/' successfully

2023-03-22 18:45:14 - [TEST_STEP][PASSED] - setText(findTestObject("Login_pages/input_userName"), Locked_out_user): Text 'locked_out_user' is set on object 'Object Repository/Login_pages/input_userName'

2023-03-22 18:45:15 - [MESSAGE][PASSED] - Text 'locked_out_user' is set on object 'Object Repository/Login_pages/input_userName'

2023-03-22 18:45:15 - [TEST_STEP][PASSED] - setText(findTestObject("Login_pages/input_userPassword"), Password): Text 'secret_sauce' is set on object 'Object Repository/Login_pages/input_userPassword'

2023-03-22 18:45:15 - [MESSAGE][PASSED] - Text 'secret_sauce' is set on object 'Object Repository/Login_pages/input_userPassword'

2023-03-22 18:45:15 - [TEST_STEP][PASSED] - click(findTestObject("Login_pages/loginButton")): Object: 'Object Repository/Login_pages/loginButton' is clicked on

2023-03-22 18:45:16 - [MESSAGE][PASSED] - Object: 'Object Repository/Login_pages/loginButton' is clicked on

2023-03-22 18:45:16 - [TEST_STEP][PASSED] - verifyElementText(findTestObject("Login_pages/errorMessage"), "Epic sadface: Sorry, this user has been locked out."): Actual text and expected text of test object 'Object Repository/Login_pages/errorMessage' are matched.

2023-03-22 18:45:16 - [MESSAGE][PASSED] - Actual text and expected text of test object 'Object Repository/Login_pages/errorMessage' are matched.

2023-03-22 18:45:16 - [TEST_STEP][PASSED] - delay(2): Delayed 2 second(s)

2023-03-22 18:45:18 - [MESSAGE][PASSED] - Delayed 2 second(s)

2023-03-22 18:45:18 - [TEST_STEP][PASSED] - takeScreenshot("locked_user.png"): Taking screenshot successfully

2023-03-22 18:45:19 - [MESSAGE][PASSED] - Taking screenshot successfully
[[ATTACHMENT|C:\\Users\\Mazway\\Desktop\\Automation\\Katalon Studio\\Katalon Sample Project\\Web Automate\\Katalon-Web-SwagLabs\\Reports\\20230322_184455\\Login\\20230322_184456\\locked_user.png]]

2023-03-22 18:45:19 - [TEST_STEP][PASSED] - closeBrowser(): Browser is closed

2023-03-22 18:45:20 - [MESSAGE][PASSED] - Browser is closed]]></system-out>
         <system-err><![CDATA[]]></system-err>
      </testcase>
      <testcase name="Test Cases/test_Login/Login using problem user" time="10.784" classname="Test Cases/test_Login/Login using problem user" status="PASSED">
         <system-out><![CDATA[2023-03-22 18:45:20 - [TEST_CASE][PASSED] - Test Cases/test_Login/Login using problem user: Test Cases/test_Login/Login using problem user

2023-03-22 18:45:20 - [TEST_STEP][PASSED] - openBrowser(""): Browser is opened with url: ''

2023-03-22 18:45:20 - [MESSAGE][INFO] - Starting 'Chrome' driver

2023-03-22 18:45:20 - [MESSAGE][INFO] - Action delay is set to 0 milliseconds

2023-03-22 18:45:22 - [MESSAGE][PASSED] - Browser is opened with url: ''

2023-03-22 18:45:22 - [TEST_STEP][PASSED] - maximizeWindow(): Current window maximized

2023-03-22 18:45:22 - [MESSAGE][PASSED] - Current window maximized

2023-03-22 18:45:22 - [TEST_STEP][PASSED] - navigateToUrl(Website): Navigate to 'https://www.saucedemo.com/' successfully

2023-03-22 18:45:22 - [MESSAGE][PASSED] - Navigate to 'https://www.saucedemo.com/' successfully

2023-03-22 18:45:22 - [TEST_STEP][PASSED] - setText(findTestObject("Login_pages/input_userName"), Performance_glitch_user): Text 'performance_glitch_user' is set on object 'Object Repository/Login_pages/input_userName'

2023-03-22 18:45:23 - [MESSAGE][PASSED] - Text 'performance_glitch_user' is set on object 'Object Repository/Login_pages/input_userName'

2023-03-22 18:45:23 - [TEST_STEP][PASSED] - setText(findTestObject("Login_pages/input_userPassword"), Password): Text 'secret_sauce' is set on object 'Object Repository/Login_pages/input_userPassword'

2023-03-22 18:45:24 - [MESSAGE][PASSED] - Text 'secret_sauce' is set on object 'Object Repository/Login_pages/input_userPassword'

2023-03-22 18:45:24 - [TEST_STEP][PASSED] - click(findTestObject("Login_pages/loginButton")): Object: 'Object Repository/Login_pages/loginButton' is clicked on

2023-03-22 18:45:29 - [MESSAGE][PASSED] - Object: 'Object Repository/Login_pages/loginButton' is clicked on

2023-03-22 18:45:29 - [TEST_STEP][PASSED] - waitForPageLoad(2): Wait for page load successfully

2023-03-22 18:45:29 - [MESSAGE][PASSED] - Wait for page load successfully

2023-03-22 18:45:29 - [TEST_STEP][PASSED] - takeScreenshot("performance_user.png"): Taking screenshot successfully

2023-03-22 18:45:30 - [MESSAGE][PASSED] - Taking screenshot successfully
[[ATTACHMENT|C:\\Users\\Mazway\\Desktop\\Automation\\Katalon Studio\\Katalon Sample Project\\Web Automate\\Katalon-Web-SwagLabs\\Reports\\20230322_184455\\Login\\20230322_184456\\performance_user.png]]

2023-03-22 18:45:30 - [TEST_STEP][PASSED] - closeBrowser(): Browser is closed

2023-03-22 18:45:31 - [MESSAGE][PASSED] - Browser is closed]]></system-out>
         <system-err><![CDATA[]]></system-err>
      </testcase>
      <testcase name="Test Cases/test_Login/Login using performance user" time="8.853" classname="Test Cases/test_Login/Login using performance user" status="PASSED">
         <system-out><![CDATA[2023-03-22 18:45:31 - [TEST_CASE][PASSED] - Test Cases/test_Login/Login using performance user: Test Cases/test_Login/Login using performance user

2023-03-22 18:45:31 - [TEST_STEP][PASSED] - openBrowser(""): Browser is opened with url: ''

2023-03-22 18:45:31 - [MESSAGE][INFO] - Starting 'Chrome' driver

2023-03-22 18:45:31 - [MESSAGE][INFO] - Action delay is set to 0 milliseconds

2023-03-22 18:45:32 - [MESSAGE][PASSED] - Browser is opened with url: ''

2023-03-22 18:45:32 - [TEST_STEP][PASSED] - maximizeWindow(): Current window maximized

2023-03-22 18:45:33 - [MESSAGE][PASSED] - Current window maximized

2023-03-22 18:45:33 - [TEST_STEP][PASSED] - navigateToUrl(Website): Navigate to 'https://www.saucedemo.com/' successfully

2023-03-22 18:45:33 - [MESSAGE][PASSED] - Navigate to 'https://www.saucedemo.com/' successfully

2023-03-22 18:45:33 - [TEST_STEP][PASSED] - setText(findTestObject("Login_pages/input_userName"), Problem_user): Text 'problem_user' is set on object 'Object Repository/Login_pages/input_userName'

2023-03-22 18:45:34 - [MESSAGE][PASSED] - Text 'problem_user' is set on object 'Object Repository/Login_pages/input_userName'

2023-03-22 18:45:34 - [TEST_STEP][PASSED] - setText(findTestObject("Login_pages/input_userPassword"), Password): Text 'secret_sauce' is set on object 'Object Repository/Login_pages/input_userPassword'

2023-03-22 18:45:35 - [MESSAGE][PASSED] - Text 'secret_sauce' is set on object 'Object Repository/Login_pages/input_userPassword'

2023-03-22 18:45:35 - [TEST_STEP][PASSED] - click(findTestObject("Login_pages/loginButton")): Object: 'Object Repository/Login_pages/loginButton' is clicked on

2023-03-22 18:45:35 - [MESSAGE][PASSED] - Object: 'Object Repository/Login_pages/loginButton' is clicked on

2023-03-22 18:45:35 - [TEST_STEP][PASSED] - verifyImagePresent(findTestObject("Product_pages/imgError")): Image: 'C:\Users\Mazway\Desktop\Automation\Katalon Studio\Katalon Sample Project\Web Automate\Katalon-Web-SwagLabs\Screenshots/Targets/Page_Swag Labs/imgError.png' is present

2023-03-22 18:45:36 - [MESSAGE][PASSED] - Image: 'C:\Users\Mazway\Desktop\Automation\Katalon Studio\Katalon Sample Project\Web Automate\Katalon-Web-SwagLabs\Screenshots/Targets/Page_Swag Labs/imgError.png' is present

2023-03-22 18:45:36 - [TEST_STEP][PASSED] - delay(2): Delayed 2 second(s)

2023-03-22 18:45:38 - [MESSAGE][PASSED] - Delayed 2 second(s)

2023-03-22 18:45:38 - [TEST_STEP][PASSED] - takeScreenshot("problem_user.png"): Taking screenshot successfully

2023-03-22 18:45:39 - [MESSAGE][PASSED] - Taking screenshot successfully
[[ATTACHMENT|C:\\Users\\Mazway\\Desktop\\Automation\\Katalon Studio\\Katalon Sample Project\\Web Automate\\Katalon-Web-SwagLabs\\Reports\\20230322_184455\\Login\\20230322_184456\\problem_user.png]]

2023-03-22 18:45:39 - [TEST_STEP][PASSED] - closeBrowser(): Browser is closed

2023-03-22 18:45:39 - [MESSAGE][PASSED] - Browser is closed]]></system-out>
         <system-err><![CDATA[]]></system-err>
      </testcase>
      <system-out><![CDATA[2023-03-22 18:45:00 - [TEST_SUITE][PASSED] - Login: Test Cases/test_Login/Login using performance user]]></system-out>
      <system-err><![CDATA[]]></system-err>
   </testsuite>
</testsuites>
